# JRE version: OpenJDK Runtime Environment Temurin-21.0.4+7 (21.0.4+7) (build 21.0.4+7-LTS)
# Java VM: OpenJDK 64-Bit Server VM Temurin-21.0.4+7 (21.0.4+7-LTS, mixed mode, sharing, tiered, compressed oops, compressed class ptrs, g1 gc, windows-amd64)
GC Precious Log:
 CardTable entry size: 512
 Card Set container configuration: InlinePtr #cards 5 size 8 Array Of Cards #cards 12 size 40 Howl #buckets 4 coarsen threshold 1843 Howl Bitmap #cards 512 size 80 coarsen threshold 460 Card regions per heap region 1 cards per card region 2048
 CPUs: 4 total, 4 available
 Memory: 3918M
 Large Page Support: Disabled
 NUMA Support: Disabled
 Compressed Oops: Enabled (32-bit)
 Heap Region Size: 1M
 Heap Min Capacity: 8M
 Heap Initial Capacity: 62M
 Heap Max Capacity: 980M
 Pre-touch: Disabled
 Parallel Workers: 4
 Concurrent Workers: 1
 Concurrent Refinement Workers: 4
 Periodic GC: Disabled
Heap:
 garbage-first heap   total 45056K, used 23755K [0x00000000c2c00000, 0x0000000100000000)
  region size 1024K, 14 young (14336K), 3 survivors (3072K)
 Metaspace       used 25703K, committed 26112K, reserved 1114112K
  class space    used 2956K, committed 3136K, reserved 1048576K
GC Heap History (12 events):
Event: 1.165 GC heap before
{Heap before GC invocations=0 (full 0):
 garbage-first heap   total 63488K, used 13312K [0x00000000c2c00000, 0x0000000100000000)
  region size 1024K, 13 young (13312K), 0 survivors (0K)
 Metaspace       used 3781K, committed 4032K, reserved 1114112K
  class space    used 396K, committed 512K, reserved 1048576K
}
Event: 1.174 GC heap after
{Heap after GC invocations=1 (full 0):
 garbage-first heap   total 63488K, used 3296K [0x00000000c2c00000, 0x0000000100000000)
  region size 1024K, 2 young (2048K), 2 survivors (2048K)
 Metaspace       used 3781K, committed 4032K, reserved 1114112K
  class space    used 396K, committed 512K, reserved 1048576K
}
Event: 1.700 GC heap before
{Heap before GC invocations=1 (full 0):
 garbage-first heap   total 63488K, used 17632K [0x00000000c2c00000, 0x0000000100000000)
  region size 1024K, 16 young (16384K), 2 survivors (2048K)
 Metaspace       used 6017K, committed 6272K, reserved 1114112K
  class space    used 704K, committed 832K, reserved 1048576K
}
Event: 1.709 GC heap after
{Heap after GC invocations=2 (full 0):
 garbage-first heap   total 63488K, used 4404K [0x00000000c2c00000, 0x0000000100000000)
  region size 1024K, 1 young (1024K), 1 survivors (1024K)
 Metaspace       used 6017K, committed 6272K, reserved 1114112K
  class space    used 704K, committed 832K, reserved 1048576K
}
Event: 4.179 GC heap before
{Heap before GC invocations=2 (full 0):
 garbage-first heap   total 63488K, used 40244K [0x00000000c2c00000, 0x0000000100000000)
  region size 1024K, 37 young (37888K), 1 survivors (1024K)
 Metaspace       used 12062K, committed 12288K, reserved 1114112K
  class space    used 1455K, committed 1536K, reserved 1048576K
}
Event: 4.192 GC heap after
{Heap after GC invocations=3 (full 0):
 garbage-first heap   total 63488K, used 6868K [0x00000000c2c00000, 0x0000000100000000)
  region size 1024K, 4 young (4096K), 4 survivors (4096K)
 Metaspace       used 12062K, committed 12288K, reserved 1114112K
  class space    used 1455K, committed 1536K, reserved 1048576K
}
Event: 8.104 GC heap before
{Heap before GC invocations=3 (full 0):
 garbage-first heap   total 63488K, used 40660K [0x00000000c2c00000, 0x0000000100000000)
  region size 1024K, 37 young (37888K), 4 survivors (4096K)
 Metaspace       used 15918K, committed 16192K, reserved 1114112K
  class space    used 1876K, committed 1984K, reserved 1048576K
}
Event: 8.127 GC heap after
{Heap after GC invocations=4 (full 0):
 garbage-first heap   total 63488K, used 9328K [0x00000000c2c00000, 0x0000000100000000)
  region size 1024K, 5 young (5120K), 5 survivors (5120K)
 Metaspace       used 15918K, committed 16192K, reserved 1114112K
  class space    used 1876K, committed 1984K, reserved 1048576K
}
Event: 11.987 GC heap before
{Heap before GC invocations=4 (full 0):
 garbage-first heap   total 63488K, used 42096K [0x00000000c2c00000, 0x0000000100000000)
  region size 1024K, 37 young (37888K), 5 survivors (5120K)
 Metaspace       used 18452K, committed 18816K, reserved 1114112K
  class space    used 2132K, committed 2304K, reserved 1048576K
}
Event: 12.020 GC heap after
{Heap after GC invocations=5 (full 0):
 garbage-first heap   total 63488K, used 11907K [0x00000000c2c00000, 0x0000000100000000)
  region size 1024K, 3 young (3072K), 3 survivors (3072K)
 Metaspace       used 18452K, committed 18816K, reserved 1114112K
  class space    used 2132K, committed 2304K, reserved 1048576K
}
Event: 12.773 GC heap before
{Heap before GC invocations=5 (full 0):
 garbage-first heap   total 63488K, used 18051K [0x00000000c2c00000, 0x0000000100000000)
  region size 1024K, 8 young (8192K), 3 survivors (3072K)
 Metaspace       used 21212K, committed 21504K, reserved 1114112K
  class space    used 2496K, committed 2624K, reserved 1048576K
}
Event: 12.782 GC heap after
{Heap after GC invocations=6 (full 0):
 garbage-first heap   total 63488K, used 12491K [0x00000000c2c00000, 0x0000000100000000)
  region size 1024K, 3 young (3072K), 3 survivors (3072K)
 Metaspace       used 21212K, committed 21504K, reserved 1114112K
  class space    used 2496K, committed 2624K, reserved 1048576K
}

